<?xml version="1.0" encoding="UTF-8"?>
<!-- Generated by org.testng.reporters.JUnitXMLReporter -->
<testsuite ignored="0" hostname="siva" failures="0" tests="6" name="Default test" time="20.971" errors="0" timestamp="2026-05-14T08:36:03 IST">
  <testcase classname="tests.LoginPageTest" name="loginWithInvalidCredentials" time="0.263"/>
  <testcase classname="tests.LoginPageTest" name="loginWithInvalidCredentials" time="0.187"/>
  <testcase classname="tests.LoginPageTest" name="loginWithInvalidCredentials" time="0.18"/>
  <testcase classname="tests.LoginPageTest" name="loginWithValidCredentials" time="0.225"/>
  <testcase classname="tests.LoginPageTest" name="loginWithValidCredentials" time="0.18"/>
  <testcase classname="tests.LoginPageTest" name="loginWithValidCredentials" time="0.185"/>
</testsuite> <!-- Default test -->
