<?xml version="1.0" encoding="UTF-8"?>
<!-- Generated by org.testng.reporters.JUnitXMLReporter -->
<testsuite ignored="1" hostname="siva" failures="2" tests="6" name="loginTest" time="15.17" errors="0" timestamp="2026-05-17T06:12:41 IST">
  <testcase classname="tests.LoginPageTest" name="loginWithInvalidCredentials" time="0.207">
    <skipped/>
  </testcase> <!-- loginWithInvalidCredentials -->
  <testcase classname="tests.LoginPageTest" name="loginWithInvalidCredentials" time="0.207">
    <skipped/>
  </testcase> <!-- loginWithInvalidCredentials -->
  <testcase classname="tests.LoginPageTest" name="loginWithInvalidCredentials" time="0.197">
    <failure type="java.lang.AssertionError" message="expected [Epic sadface: credentials do not match any user in this service] but found [Epic sadface: Username and password do not match any user in this service]">
      <![CDATA[java.lang.AssertionError: expected [Epic sadface: credentials do not match any user in this service] but found [Epic sadface: Username and password do not match any user in this service]
at tests.LoginPageTest.loginWithInvalidCredentials(LoginPageTest.java:30)
at java.base/java.util.ArrayList.forEach(ArrayList.java:1596)
... Removed 31 stack frames]]>
    </failure>
  </testcase> <!-- loginWithInvalidCredentials -->
  <testcase classname="tests.LoginPageTest" name="loginWithInvalidCredentials" time="0.2">
    <skipped/>
  </testcase> <!-- loginWithInvalidCredentials -->
  <testcase classname="tests.LoginPageTest" name="loginWithInvalidCredentials" time="0.198">
    <skipped/>
  </testcase> <!-- loginWithInvalidCredentials -->
  <testcase classname="tests.LoginPageTest" name="loginWithInvalidCredentials" time="0.19">
    <failure type="java.lang.AssertionError" message="expected [Epic sadface: credentials do not match any user in this service] but found [Epic sadface: Username and password do not match any user in this service]">
      <![CDATA[java.lang.AssertionError: expected [Epic sadface: credentials do not match any user in this service] but found [Epic sadface: Username and password do not match any user in this service]
at tests.LoginPageTest.loginWithInvalidCredentials(LoginPageTest.java:30)
at java.base/java.util.ArrayList.forEach(ArrayList.java:1596)
... Removed 31 stack frames]]>
    </failure>
  </testcase> <!-- loginWithInvalidCredentials -->
  <testcase classname="tests.LoginPageTest" name="loginWithValidCredentials" time="0.0">
    <ignored/>
  </testcase> <!-- loginWithValidCredentials -->
</testsuite> <!-- loginTest -->
